# JRE version: OpenJDK Runtime Environment Temurin-17.0.8.1+1 (17.0.8.1+1) (build 17.0.8.1+1)
# Java VM: OpenJDK 64-Bit Server VM Temurin-17.0.8.1+1 (17.0.8.1+1, mixed mode, tiered, compressed oops, compressed class ptrs, parallel gc, windows-amd64)
GC Precious Log:
 CPUs: 4 total, 4 available
 Memory: 14214M
 Large Page Support: Disabled
 NUMA Support: Disabled
 Compressed Oops: Enabled (32-bit)
 Alignments: Space 512K, Generation 512K, Heap 2M
 Heap Min Capacity: 100M
 Heap Initial Capacity: 100M
 Heap Max Capacity: 1G
 Pre-touch: Disabled
 Parallel Workers: 4
Heap:
 PSYoungGen      total 6144K, used 2048K [0x00000000eab00000, 0x00000000eb900000, 0x0000000100000000)
  eden space 4096K, 0% used [0x00000000eab00000,0x00000000eab00000,0x00000000eaf00000)
  from space 2048K, 100% used [0x00000000eaf00000,0x00000000eb100000,0x00000000eb100000)
  to   space 5120K, 0% used [0x00000000eb400000,0x00000000eb400000,0x00000000eb900000)
 ParOldGen       total 451584K, used 450679K [0x00000000c0000000, 0x00000000db900000, 0x00000000eab00000)
  object space 451584K, 99% used [0x00000000c0000000,0x00000000db81dc40,0x00000000db900000)
 Metaspace       used 91651K, committed 93120K, reserved 1179648K
  class space    used 9737K, committed 10368K, reserved 1048576K
GC Heap History (20 events):
Event: 719.508 GC heap after
{Heap after GC invocations=492 (full 11):
 PSYoungGen      total 4096K, used 1568K [0x00000000eab00000, 0x00000000eb100000, 0x0000000100000000)
  eden space 2048K, 0% used [0x00000000eab00000,0x00000000eab00000,0x00000000ead00000)
  from space 2048K, 76% used [0x00000000eaf00000,0x00000000eb088000,0x00000000eb100000)
  to   space 2048K, 0% used [0x00000000ead00000,0x00000000ead00000,0x00000000eaf00000)
 ParOldGen       total 451584K, used 442362K [0x00000000c0000000, 0x00000000db900000, 0x00000000eab00000)
  object space 451584K, 97% used [0x00000000c0000000,0x00000000daffe948,0x00000000db900000)
 Metaspace       used 91472K, committed 92992K, reserved 1179648K
  class space    used 9726K, committed 10368K, reserved 1048576K
}
Event: 719.514 GC heap before
{Heap before GC invocations=493 (full 11):
 PSYoungGen      total 4096K, used 3616K [0x00000000eab00000, 0x00000000eb100000, 0x0000000100000000)
  eden space 2048K, 100% used [0x00000000eab00000,0x00000000ead00000,0x00000000ead00000)
  from space 2048K, 76% used [0x00000000eaf00000,0x00000000eb088000,0x00000000eb100000)
  to   space 2048K, 0% used [0x00000000ead00000,0x00000000ead00000,0x00000000eaf00000)
 ParOldGen       total 451584K, used 442362K [0x00000000c0000000, 0x00000000db900000, 0x00000000eab00000)
  object space 451584K, 97% used [0x00000000c0000000,0x00000000daffe948,0x00000000db900000)
 Metaspace       used 91472K, committed 92992K, reserved 1179648K
  class space    used 9726K, committed 10368K, reserved 1048576K
}
Event: 719.518 GC heap after
{Heap after GC invocations=493 (full 11):
 PSYoungGen      total 4096K, used 1504K [0x00000000eab00000, 0x00000000eb080000, 0x0000000100000000)
  eden space 2048K, 0% used [0x00000000eab00000,0x00000000eab00000,0x00000000ead00000)
  from space 2048K, 73% used [0x00000000ead00000,0x00000000eae78000,0x00000000eaf00000)
  to   space 1536K, 0% used [0x00000000eaf00000,0x00000000eaf00000,0x00000000eb080000)
 ParOldGen       total 451584K, used 443874K [0x00000000c0000000, 0x00000000db900000, 0x00000000eab00000)
  object space 451584K, 98% used [0x00000000c0000000,0x00000000db178948,0x00000000db900000)
 Metaspace       used 91472K, committed 92992K, reserved 1179648K
  class space    used 9726K, committed 10368K, reserved 1048576K
}
Event: 719.560 GC heap before
{Heap before GC invocations=494 (full 11):
 PSYoungGen      total 4096K, used 3551K [0x00000000eab00000, 0x00000000eb080000, 0x0000000100000000)
  eden space 2048K, 99% used [0x00000000eab00000,0x00000000eacfff90,0x00000000ead00000)
  from space 2048K, 73% used [0x00000000ead00000,0x00000000eae78000,0x00000000eaf00000)
  to   space 1536K, 0% used [0x00000000eaf00000,0x00000000eaf00000,0x00000000eb080000)
 ParOldGen       total 451584K, used 443874K [0x00000000c0000000, 0x00000000db900000, 0x00000000eab00000)
  object space 451584K, 98% used [0x00000000c0000000,0x00000000db178948,0x00000000db900000)
 Metaspace       used 91508K, committed 93056K, reserved 1179648K
  class space    used 9727K, committed 10368K, reserved 1048576K
}
Event: 719.563 GC heap after
{Heap after GC invocations=494 (full 11):
 PSYoungGen      total 4096K, used 1476K [0x00000000eab00000, 0x00000000eb080000, 0x0000000100000000)
  eden space 2560K, 0% used [0x00000000eab00000,0x00000000eab00000,0x00000000ead80000)
  from space 1536K, 96% used [0x00000000eaf00000,0x00000000eb071110,0x00000000eb080000)
  to   space 1536K, 0% used [0x00000000ead80000,0x00000000ead80000,0x00000000eaf00000)
 ParOldGen       total 451584K, used 443914K [0x00000000c0000000, 0x00000000db900000, 0x00000000eab00000)
  object space 451584K, 98% used [0x00000000c0000000,0x00000000db182948,0x00000000db900000)
 Metaspace       used 91508K, committed 93056K, reserved 1179648K
  class space    used 9727K, committed 10368K, reserved 1048576K
}
Event: 719.578 GC heap before
{Heap before GC invocations=495 (full 11):
 PSYoungGen      total 4096K, used 4036K [0x00000000eab00000, 0x00000000eb080000, 0x0000000100000000)
  eden space 2560K, 100% used [0x00000000eab00000,0x00000000ead80000,0x00000000ead80000)
  from space 1536K, 96% used [0x00000000eaf00000,0x00000000eb071110,0x00000000eb080000)
  to   space 1536K, 0% used [0x00000000ead80000,0x00000000ead80000,0x00000000eaf00000)
 ParOldGen       total 451584K, used 443914K [0x00000000c0000000, 0x00000000db900000, 0x00000000eab00000)
  object space 451584K, 98% used [0x00000000c0000000,0x00000000db182948,0x00000000db900000)
 Metaspace       used 91524K, committed 93056K, reserved 1179648K
  class space    used 9727K, committed 10368K, reserved 1048576K
}
Event: 719.581 GC heap after
{Heap after GC invocations=495 (full 11):
 PSYoungGen      total 4096K, used 768K [0x00000000eab00000, 0x00000000eb100000, 0x0000000100000000)
  eden space 2560K, 0% used [0x00000000eab00000,0x00000000eab00000,0x00000000ead80000)
  from space 1536K, 50% used [0x00000000ead80000,0x00000000eae40000,0x00000000eaf00000)
  to   space 1536K, 0% used [0x00000000eaf80000,0x00000000eaf80000,0x00000000eb100000)
 ParOldGen       total 451584K, used 445232K [0x00000000c0000000, 0x00000000db900000, 0x00000000eab00000)
  object space 451584K, 98% used [0x00000000c0000000,0x00000000db2cc2a0,0x00000000db900000)
 Metaspace       used 91524K, committed 93056K, reserved 1179648K
  class space    used 9727K, committed 10368K, reserved 1048576K
}
Event: 719.678 GC heap before
{Heap before GC invocations=496 (full 11):
 PSYoungGen      total 4096K, used 3328K [0x00000000eab00000, 0x00000000eb100000, 0x0000000100000000)
  eden space 2560K, 100% used [0x00000000eab00000,0x00000000ead80000,0x00000000ead80000)
  from space 1536K, 50% used [0x00000000ead80000,0x00000000eae40000,0x00000000eaf00000)
  to   space 1536K, 0% used [0x00000000eaf80000,0x00000000eaf80000,0x00000000eb100000)
 ParOldGen       total 451584K, used 445232K [0x00000000c0000000, 0x00000000db900000, 0x00000000eab00000)
  object space 451584K, 98% used [0x00000000c0000000,0x00000000db2cc2a0,0x00000000db900000)
 Metaspace       used 91586K, committed 93120K, reserved 1179648K
  class space    used 9734K, committed 10368K, reserved 1048576K
}
Event: 719.680 GC heap after
{Heap after GC invocations=496 (full 11):
 PSYoungGen      total 3584K, used 320K [0x00000000eab00000, 0x00000000eb000000, 0x0000000100000000)
  eden space 3072K, 0% used [0x00000000eab00000,0x00000000eab00000,0x00000000eae00000)
  from space 512K, 62% used [0x00000000eaf80000,0x00000000eafd0000,0x00000000eb000000)
  to   space 1024K, 0% used [0x00000000eae00000,0x00000000eae00000,0x00000000eaf00000)
 ParOldGen       total 451584K, used 445667K [0x00000000c0000000, 0x00000000db900000, 0x00000000eab00000)
  object space 451584K, 98% used [0x00000000c0000000,0x00000000db338c48,0x00000000db900000)
 Metaspace       used 91586K, committed 93120K, reserved 1179648K
  class space    used 9734K, committed 10368K, reserved 1048576K
}
Event: 720.211 GC heap before
{Heap before GC invocations=497 (full 11):
 PSYoungGen      total 3584K, used 3392K [0x00000000eab00000, 0x00000000eb000000, 0x0000000100000000)
  eden space 3072K, 100% used [0x00000000eab00000,0x00000000eae00000,0x00000000eae00000)
  from space 512K, 62% used [0x00000000eaf80000,0x00000000eafd0000,0x00000000eb000000)
  to   space 1024K, 0% used [0x00000000eae00000,0x00000000eae00000,0x00000000eaf00000)
 ParOldGen       total 451584K, used 445667K [0x00000000c0000000, 0x00000000db900000, 0x00000000eab00000)
  object space 451584K, 98% used [0x00000000c0000000,0x00000000db338c48,0x00000000db900000)
 Metaspace       used 91612K, committed 93120K, reserved 1179648K
  class space    used 9737K, committed 10368K, reserved 1048576K
}
Event: 720.213 GC heap after
{Heap after GC invocations=497 (full 11):
 PSYoungGen      total 4096K, used 288K [0x00000000eab00000, 0x00000000eb000000, 0x0000000100000000)
  eden space 3072K, 0% used [0x00000000eab00000,0x00000000eab00000,0x00000000eae00000)
  from space 1024K, 28% used [0x00000000eae00000,0x00000000eae48000,0x00000000eaf00000)
  to   space 512K, 0% used [0x00000000eaf80000,0x00000000eaf80000,0x00000000eb000000)
 ParOldGen       total 451584K, used 445870K [0x00000000c0000000, 0x00000000db900000, 0x00000000eab00000)
  object space 451584K, 98% used [0x00000000c0000000,0x00000000db36bb30,0x00000000db900000)
 Metaspace       used 91612K, committed 93120K, reserved 1179648K
  class space    used 9737K, committed 10368K, reserved 1048576K
}
Event: 720.518 GC heap before
{Heap before GC invocations=498 (full 11):
 PSYoungGen      total 4096K, used 3360K [0x00000000eab00000, 0x00000000eb000000, 0x0000000100000000)
  eden space 3072K, 100% used [0x00000000eab00000,0x00000000eae00000,0x00000000eae00000)
  from space 1024K, 28% used [0x00000000eae00000,0x00000000eae48000,0x00000000eaf00000)
  to   space 512K, 0% used [0x00000000eaf80000,0x00000000eaf80000,0x00000000eb000000)
 ParOldGen       total 451584K, used 445870K [0x00000000c0000000, 0x00000000db900000, 0x00000000eab00000)
  object space 451584K, 98% used [0x00000000c0000000,0x00000000db36bb30,0x00000000db900000)
 Metaspace       used 91650K, committed 93120K, reserved 1179648K
  class space    used 9737K, committed 10368K, reserved 1048576K
}
Event: 720.519 GC heap after
{Heap after GC invocations=498 (full 11):
 PSYoungGen      total 3584K, used 320K [0x00000000eab00000, 0x00000000eb000000, 0x0000000100000000)
  eden space 3072K, 0% used [0x00000000eab00000,0x00000000eab00000,0x00000000eae00000)
  from space 512K, 62% used [0x00000000eaf80000,0x00000000eafd0000,0x00000000eb000000)
  to   space 512K, 0% used [0x00000000eaf00000,0x00000000eaf00000,0x00000000eaf80000)
 ParOldGen       total 451584K, used 446094K [0x00000000c0000000, 0x00000000db900000, 0x00000000eab00000)
  object space 451584K, 98% used [0x00000000c0000000,0x00000000db3a3938,0x00000000db900000)
 Metaspace       used 91650K, committed 93120K, reserved 1179648K
  class space    used 9737K, committed 10368K, reserved 1048576K
}
Event: 773.784 GC heap before
{Heap before GC invocations=499 (full 11):
 PSYoungGen      total 3584K, used 3392K [0x00000000eab00000, 0x00000000eb000000, 0x0000000100000000)
  eden space 3072K, 100% used [0x00000000eab00000,0x00000000eae00000,0x00000000eae00000)
  from space 512K, 62% used [0x00000000eaf80000,0x00000000eafd0000,0x00000000eb000000)
  to   space 512K, 0% used [0x00000000eaf00000,0x00000000eaf00000,0x00000000eaf80000)
 ParOldGen       total 451584K, used 446094K [0x00000000c0000000, 0x00000000db900000, 0x00000000eab00000)
  object space 451584K, 98% used [0x00000000c0000000,0x00000000db3a3938,0x00000000db900000)
 Metaspace       used 91651K, committed 93120K, reserved 1179648K
  class space    used 9737K, committed 10368K, reserved 1048576K
}
Event: 773.788 GC heap after
{Heap after GC invocations=499 (full 11):
 PSYoungGen      total 3584K, used 510K [0x00000000eab00000, 0x00000000eb400000, 0x0000000100000000)
  eden space 3072K, 0% used [0x00000000eab00000,0x00000000eab00000,0x00000000eae00000)
  from space 512K, 99% used [0x00000000eaf00000,0x00000000eaf7f890,0x00000000eaf80000)
  to   space 3072K, 0% used [0x00000000eb100000,0x00000000eb100000,0x00000000eb400000)
 ParOldGen       total 451584K, used 448010K [0x00000000c0000000, 0x00000000db900000, 0x00000000eab00000)
  object space 451584K, 99% used [0x00000000c0000000,0x00000000db582948,0x00000000db900000)
 Metaspace       used 91651K, committed 93120K, reserved 1179648K
  class space    used 9737K, committed 10368K, reserved 1048576K
}
Event: 773.801 GC heap before
{Heap before GC invocations=500 (full 11):
 PSYoungGen      total 3584K, used 3582K [0x00000000eab00000, 0x00000000eb400000, 0x0000000100000000)
  eden space 3072K, 99% used [0x00000000eab00000,0x00000000eadfffa8,0x00000000eae00000)
  from space 512K, 99% used [0x00000000eaf00000,0x00000000eaf7f890,0x00000000eaf80000)
  to   space 3072K, 0% used [0x00000000eb100000,0x00000000eb100000,0x00000000eb400000)
 ParOldGen       total 451584K, used 448010K [0x00000000c0000000, 0x00000000db900000, 0x00000000eab00000)
  object space 451584K, 99% used [0x00000000c0000000,0x00000000db582948,0x00000000db900000)
 Metaspace       used 91651K, committed 93120K, reserved 1179648K
  class space    used 9737K, committed 10368K, reserved 1048576K
}
Event: 773.805 GC heap after
{Heap after GC invocations=500 (full 11):
 PSYoungGen      total 5120K, used 1643K [0x00000000eab00000, 0x00000000eb300000, 0x0000000100000000)
  eden space 3072K, 0% used [0x00000000eab00000,0x00000000eab00000,0x00000000eae00000)
  from space 2048K, 80% used [0x00000000eb100000,0x00000000eb29acb0,0x00000000eb300000)
  to   space 2048K, 0% used [0x00000000eaf00000,0x00000000eaf00000,0x00000000eb100000)
 ParOldGen       total 451584K, used 448331K [0x00000000c0000000, 0x00000000db900000, 0x00000000eab00000)
  object space 451584K, 99% used [0x00000000c0000000,0x00000000db5d2f90,0x00000000db900000)
 Metaspace       used 91651K, committed 93120K, reserved 1179648K
  class space    used 9737K, committed 10368K, reserved 1048576K
}
Event: 773.809 GC heap before
{Heap before GC invocations=501 (full 11):
 PSYoungGen      total 5120K, used 4715K [0x00000000eab00000, 0x00000000eb300000, 0x0000000100000000)
  eden space 3072K, 99% used [0x00000000eab00000,0x00000000eadfffe0,0x00000000eae00000)
  from space 2048K, 80% used [0x00000000eb100000,0x00000000eb29acb0,0x00000000eb300000)
  to   space 2048K, 0% used [0x00000000eaf00000,0x00000000eaf00000,0x00000000eb100000)
 ParOldGen       total 451584K, used 448331K [0x00000000c0000000, 0x00000000db900000, 0x00000000eab00000)
  object space 451584K, 99% used [0x00000000c0000000,0x00000000db5d2f90,0x00000000db900000)
 Metaspace       used 91651K, committed 93120K, reserved 1179648K
  class space    used 9737K, committed 10368K, reserved 1048576K
}
Event: 773.814 GC heap after
{Heap after GC invocations=501 (full 11):
 PSYoungGen      total 6144K, used 2048K [0x00000000eab00000, 0x00000000eb900000, 0x0000000100000000)
  eden space 4096K, 0% used [0x00000000eab00000,0x00000000eab00000,0x00000000eaf00000)
  from space 2048K, 100% used [0x00000000eaf00000,0x00000000eb100000,0x00000000eb100000)
  to   space 5120K, 0% used [0x00000000eb400000,0x00000000eb400000,0x00000000eb900000)
 ParOldGen       total 451584K, used 450679K [0x00000000c0000000, 0x00000000db900000, 0x00000000eab00000)
  object space 451584K, 99% used [0x00000000c0000000,0x00000000db81dc40,0x00000000db900000)
 Metaspace       used 91651K, committed 93120K, reserved 1179648K
  class space    used 9737K, committed 10368K, reserved 1048576K
}
Event: 773.814 GC heap before
{Heap before GC invocations=502 (full 12):
 PSYoungGen      total 6144K, used 2048K [0x00000000eab00000, 0x00000000eb900000, 0x0000000100000000)
  eden space 4096K, 0% used [0x00000000eab00000,0x00000000eab00000,0x00000000eaf00000)
  from space 2048K, 100% used [0x00000000eaf00000,0x00000000eb100000,0x00000000eb100000)
  to   space 5120K, 0% used [0x00000000eb400000,0x00000000eb400000,0x00000000eb900000)
 ParOldGen       total 451584K, used 450679K [0x00000000c0000000, 0x00000000db900000, 0x00000000eab00000)
  object space 451584K, 99% used [0x00000000c0000000,0x00000000db81dc40,0x00000000db900000)
 Metaspace       used 91651K, committed 93120K, reserved 1179648K
  class space    used 9737K, committed 10368K, reserved 1048576K
}

